0 info it worked if it ends with ok
1 verbose cli [ 'I:\\学习工作\\node.js\\node.exe',
1 verbose cli   'I:\\学习工作\\node.js\\node_modules\\npm\\bin\\npm-cli.js',
1 verbose cli   'run',
1 verbose cli   'push' ]
2 info using npm@3.3.12
3 info using node@v5.5.0
4 verbose stack Error: missing script: push
4 verbose stack     at run (I:\学习工作\node.js\node_modules\npm\lib\run-script.js:147:19)
4 verbose stack     at I:\学习工作\node.js\node_modules\npm\lib\run-script.js:57:5
4 verbose stack     at I:\学习工作\node.js\node_modules\npm\node_modules\read-package-json\read-json.js:345:5
4 verbose stack     at checkBinReferences_ (I:\学习工作\node.js\node_modules\npm\node_modules\read-package-json\read-json.js:309:45)
4 verbose stack     at final (I:\学习工作\node.js\node_modules\npm\node_modules\read-package-json\read-json.js:343:3)
4 verbose stack     at then (I:\学习工作\node.js\node_modules\npm\node_modules\read-package-json\read-json.js:113:5)
4 verbose stack     at I:\学习工作\node.js\node_modules\npm\node_modules\read-package-json\read-json.js:300:12
4 verbose stack     at I:\学习工作\node.js\node_modules\npm\node_modules\graceful-fs\graceful-fs.js:76:16
4 verbose stack     at tryToString (fs.js:414:3)
4 verbose stack     at FSReqWrap.readFileAfterClose [as oncomplete] (fs.js:401:12)
5 verbose cwd E:\github\Epec-2016
6 error Windows_NT 10.0.10240
7 error argv "I:\\学习工作\\node.js\\node.exe" "I:\\学习工作\\node.js\\node_modules\\npm\\bin\\npm-cli.js" "run" "push"
8 error node v5.5.0
9 error npm  v3.3.12
10 error missing script: push
11 error If you need help, you may report this error at:
11 error     <https://github.com/npm/npm/issues>
12 verbose exit [ 1, true ]
